[0.106s] DEBUG:colcon:Command line arguments: ['/usr/bin/colcon', 'build']
[0.106s] DEBUG:colcon:Parsed command line arguments: Namespace(log_base=None, log_level=None, verb_name='build', build_base='build', install_base='install', merge_install=False, symlink_install=False, test_result_base=None, continue_on_error=False, executor='parallel', parallel_workers=12, event_handlers=None, ignore_user_meta=False, metas=['./colcon.meta'], base_paths=['.'], packages_ignore=None, packages_ignore_regex=None, paths=None, packages_up_to=None, packages_up_to_regex=None, packages_above=None, packages_above_and_dependencies=None, packages_above_depth=None, packages_select_by_dep=None, packages_skip_by_dep=None, packages_skip_up_to=None, packages_select_build_failed=False, packages_skip_build_finished=False, packages_select_test_failures=False, packages_skip_test_passed=False, packages_select=None, packages_skip=None, packages_select_regex=None, packages_skip_regex=None, packages_start=None, packages_end=None, allow_overriding=[], cmake_args=None, cmake_target=None, cmake_target_skip_unavailable=False, cmake_clean_cache=False, cmake_clean_first=False, cmake_force_configure=False, ament_cmake_args=None, catkin_cmake_args=None, catkin_skip_building_tests=False, verb_parser=<colcon_defaults.argument_parser.defaults.DefaultArgumentsDecorator object at 0x7f336257f970>, verb_extension=<colcon_core.verb.build.BuildVerb object at 0x7f336257edd0>, main=<bound method BuildVerb.main of <colcon_core.verb.build.BuildVerb object at 0x7f336257edd0>>)
[0.227s] Level 1:colcon.colcon_core.package_discovery:discover_packages(colcon_meta) check parameters
[0.227s] Level 1:colcon.colcon_core.package_discovery:discover_packages(recursive) check parameters
[0.227s] Level 1:colcon.colcon_core.package_discovery:discover_packages(ignore) check parameters
[0.227s] Level 1:colcon.colcon_core.package_discovery:discover_packages(path) check parameters
[0.227s] Level 1:colcon.colcon_core.package_discovery:discover_packages(colcon_meta) discover
[0.227s] Level 1:colcon.colcon_core.package_discovery:discover_packages(recursive) discover
[0.227s] INFO:colcon.colcon_core.package_discovery:Crawling recursively for packages in '/home/user/rad_ws/src/urdf_test'
[0.227s] Level 1:colcon.colcon_core.package_identification:_identify(.) by extensions ['ignore', 'ignore_ament_install']
[0.227s] Level 1:colcon.colcon_core.package_identification:_identify(.) by extension 'ignore'
[0.227s] Level 1:colcon.colcon_core.package_identification:_identify(.) by extension 'ignore_ament_install'
[0.227s] Level 1:colcon.colcon_core.package_identification:_identify(.) by extensions ['colcon_pkg']
[0.227s] Level 1:colcon.colcon_core.package_identification:_identify(.) by extension 'colcon_pkg'
[0.227s] Level 1:colcon.colcon_core.package_identification:_identify(.) by extensions ['colcon_meta']
[0.227s] Level 1:colcon.colcon_core.package_identification:_identify(.) by extension 'colcon_meta'
[0.227s] Level 1:colcon.colcon_core.package_identification:_identify(.) by extensions ['ros']
[0.227s] Level 1:colcon.colcon_core.package_identification:_identify(.) by extension 'ros'
[0.239s] DEBUG:colcon.colcon_core.package_identification:Package '.' with type 'ros.ament_cmake' and name 'urdf_test'
[0.239s] Level 1:colcon.colcon_core.package_discovery:discover_packages(recursive) using defaults
[0.239s] Level 1:colcon.colcon_core.package_discovery:discover_packages(ignore) discover
[0.239s] Level 1:colcon.colcon_core.package_discovery:discover_packages(ignore) using defaults
[0.239s] Level 1:colcon.colcon_core.package_discovery:discover_packages(path) discover
[0.239s] Level 1:colcon.colcon_core.package_discovery:discover_packages(path) using defaults
[0.256s] Level 1:colcon.colcon_core.package_discovery:discover_packages(prefix_path) check parameters
[0.256s] Level 1:colcon.colcon_core.package_discovery:discover_packages(prefix_path) discover
[0.258s] DEBUG:colcon.colcon_installed_package_information.package_discovery:Found 325 installed packages in /opt/ros/humble
[0.260s] Level 1:colcon.colcon_core.package_discovery:discover_packages(prefix_path) using defaults
[0.286s] ERROR:colcon.colcon_core.package_augmentation:Exception in package augmentation extension 'python': 
Traceback (most recent call last):
  File "/usr/lib/python3/dist-packages/colcon_core/package_augmentation/__init__.py", line 97, in augment_packages
    retval = extension.augment_packages(
  File "/usr/lib/python3/dist-packages/colcon_installed_package_information/package_augmentation/python.py", line 44, in augment_packages
    dist = next(iter(dists))
StopIteration

[0.291s] Level 5:colcon.colcon_core.verb:set package 'urdf_test' build argument 'cmake_args' from command line to 'None'
[0.291s] Level 5:colcon.colcon_core.verb:set package 'urdf_test' build argument 'cmake_target' from command line to 'None'
[0.292s] Level 5:colcon.colcon_core.verb:set package 'urdf_test' build argument 'cmake_target_skip_unavailable' from command line to 'False'
[0.292s] Level 5:colcon.colcon_core.verb:set package 'urdf_test' build argument 'cmake_clean_cache' from command line to 'False'
[0.292s] Level 5:colcon.colcon_core.verb:set package 'urdf_test' build argument 'cmake_clean_first' from command line to 'False'
[0.292s] Level 5:colcon.colcon_core.verb:set package 'urdf_test' build argument 'cmake_force_configure' from command line to 'False'
[0.292s] Level 5:colcon.colcon_core.verb:set package 'urdf_test' build argument 'ament_cmake_args' from command line to 'None'
[0.292s] Level 5:colcon.colcon_core.verb:set package 'urdf_test' build argument 'catkin_cmake_args' from command line to 'None'
[0.292s] Level 5:colcon.colcon_core.verb:set package 'urdf_test' build argument 'catkin_skip_building_tests' from command line to 'False'
[0.292s] DEBUG:colcon.colcon_core.verb:Building package 'urdf_test' with the following arguments: {'ament_cmake_args': None, 'build_base': '/home/user/rad_ws/src/urdf_test/build/urdf_test', 'catkin_cmake_args': None, 'catkin_skip_building_tests': False, 'cmake_args': None, 'cmake_clean_cache': False, 'cmake_clean_first': False, 'cmake_force_configure': False, 'cmake_target': None, 'cmake_target_skip_unavailable': False, 'install_base': '/home/user/rad_ws/src/urdf_test/install/urdf_test', 'merge_install': False, 'path': '/home/user/rad_ws/src/urdf_test', 'symlink_install': False, 'test_result_base': None}
[0.292s] INFO:colcon.colcon_core.executor:Executing jobs using 'parallel' executor
[0.293s] DEBUG:colcon.colcon_parallel_executor.executor.parallel:run_until_complete
[0.293s] INFO:colcon.colcon_ros.task.ament_cmake.build:Building ROS package in '/home/user/rad_ws/src/urdf_test' with build type 'ament_cmake'
[0.293s] INFO:colcon.colcon_cmake.task.cmake.build:Building CMake package in '/home/user/rad_ws/src/urdf_test'
[0.295s] INFO:colcon.colcon_core.plugin_system:Skipping extension 'colcon_core.shell.bat': Not used on non-Windows systems
[0.295s] INFO:colcon.colcon_core.shell:Skip shell extension 'powershell' for command environment: Not usable outside of PowerShell
[0.296s] DEBUG:colcon.colcon_core.shell:Skip shell extension 'dsv' for command environment
[0.305s] DEBUG:colcon.colcon_core.event_handler.log_command:Invoking command in '/home/user/rad_ws/src/urdf_test/build/urdf_test': CMAKE_PREFIX_PATH=/opt/ros/humble /usr/bin/cmake --build /home/user/rad_ws/src/urdf_test/build/urdf_test -- -j12 -l12
[0.328s] DEBUG:colcon.colcon_core.event_handler.log_command:Invoked command in '/home/user/rad_ws/src/urdf_test/build/urdf_test' returned '0': CMAKE_PREFIX_PATH=/opt/ros/humble /usr/bin/cmake --build /home/user/rad_ws/src/urdf_test/build/urdf_test -- -j12 -l12
[0.346s] DEBUG:colcon.colcon_core.event_handler.log_command:Invoking command in '/home/user/rad_ws/src/urdf_test/build/urdf_test': CMAKE_PREFIX_PATH=/opt/ros/humble /usr/bin/cmake --install /home/user/rad_ws/src/urdf_test/build/urdf_test
[0.354s] Level 1:colcon.colcon_core.environment:create_environment_scripts_only(urdf_test)
[0.354s] DEBUG:colcon.colcon_core.event_handler.log_command:Invoked command in '/home/user/rad_ws/src/urdf_test/build/urdf_test' returned '0': CMAKE_PREFIX_PATH=/opt/ros/humble /usr/bin/cmake --install /home/user/rad_ws/src/urdf_test/build/urdf_test
[0.356s] Level 1:colcon.colcon_core.environment:checking '/home/user/rad_ws/src/urdf_test/install/urdf_test' for CMake module files
[0.357s] Level 1:colcon.colcon_core.environment:checking '/home/user/rad_ws/src/urdf_test/install/urdf_test' for CMake config files
[0.357s] Level 1:colcon.colcon_core.shell:create_environment_hook('urdf_test', 'cmake_prefix_path')
[0.357s] INFO:colcon.colcon_core.shell:Creating environment hook '/home/user/rad_ws/src/urdf_test/install/urdf_test/share/urdf_test/hook/cmake_prefix_path.ps1'
[0.357s] INFO:colcon.colcon_core.shell:Creating environment descriptor '/home/user/rad_ws/src/urdf_test/install/urdf_test/share/urdf_test/hook/cmake_prefix_path.dsv'
[0.358s] INFO:colcon.colcon_core.shell:Creating environment hook '/home/user/rad_ws/src/urdf_test/install/urdf_test/share/urdf_test/hook/cmake_prefix_path.sh'
[0.358s] Level 1:colcon.colcon_core.environment:checking '/home/user/rad_ws/src/urdf_test/install/urdf_test/bin'
[0.358s] Level 1:colcon.colcon_core.environment:checking '/home/user/rad_ws/src/urdf_test/install/urdf_test/lib/pkgconfig/urdf_test.pc'
[0.359s] Level 1:colcon.colcon_core.environment:checking '/home/user/rad_ws/src/urdf_test/install/urdf_test/lib/python3.10/site-packages'
[0.359s] Level 1:colcon.colcon_core.environment:checking '/home/user/rad_ws/src/urdf_test/install/urdf_test/bin'
[0.359s] INFO:colcon.colcon_core.shell:Creating package script '/home/user/rad_ws/src/urdf_test/install/urdf_test/share/urdf_test/package.ps1'
[0.359s] INFO:colcon.colcon_core.shell:Creating package descriptor '/home/user/rad_ws/src/urdf_test/install/urdf_test/share/urdf_test/package.dsv'
[0.360s] INFO:colcon.colcon_core.shell:Creating package script '/home/user/rad_ws/src/urdf_test/install/urdf_test/share/urdf_test/package.sh'
[0.360s] INFO:colcon.colcon_core.shell:Creating package script '/home/user/rad_ws/src/urdf_test/install/urdf_test/share/urdf_test/package.bash'
[0.361s] INFO:colcon.colcon_core.shell:Creating package script '/home/user/rad_ws/src/urdf_test/install/urdf_test/share/urdf_test/package.zsh'
[0.361s] Level 1:colcon.colcon_core.environment:create_file_with_runtime_dependencies(/home/user/rad_ws/src/urdf_test/install/urdf_test/share/colcon-core/packages/urdf_test)
[0.374s] Level 1:colcon.colcon_core.environment:create_environment_scripts_only(urdf_test)
[0.375s] Level 1:colcon.colcon_core.environment:checking '/home/user/rad_ws/src/urdf_test/install/urdf_test' for CMake module files
[0.375s] Level 1:colcon.colcon_core.environment:checking '/home/user/rad_ws/src/urdf_test/install/urdf_test' for CMake config files
[0.375s] Level 1:colcon.colcon_core.shell:create_environment_hook('urdf_test', 'cmake_prefix_path')
[0.375s] INFO:colcon.colcon_core.shell:Creating environment hook '/home/user/rad_ws/src/urdf_test/install/urdf_test/share/urdf_test/hook/cmake_prefix_path.ps1'
[0.376s] INFO:colcon.colcon_core.shell:Creating environment descriptor '/home/user/rad_ws/src/urdf_test/install/urdf_test/share/urdf_test/hook/cmake_prefix_path.dsv'
[0.376s] INFO:colcon.colcon_core.shell:Creating environment hook '/home/user/rad_ws/src/urdf_test/install/urdf_test/share/urdf_test/hook/cmake_prefix_path.sh'
[0.376s] Level 1:colcon.colcon_core.environment:checking '/home/user/rad_ws/src/urdf_test/install/urdf_test/bin'
[0.376s] Level 1:colcon.colcon_core.environment:checking '/home/user/rad_ws/src/urdf_test/install/urdf_test/lib/pkgconfig/urdf_test.pc'
[0.377s] Level 1:colcon.colcon_core.environment:checking '/home/user/rad_ws/src/urdf_test/install/urdf_test/lib/python3.10/site-packages'
[0.377s] Level 1:colcon.colcon_core.environment:checking '/home/user/rad_ws/src/urdf_test/install/urdf_test/bin'
[0.377s] INFO:colcon.colcon_core.shell:Creating package script '/home/user/rad_ws/src/urdf_test/install/urdf_test/share/urdf_test/package.ps1'
[0.377s] INFO:colcon.colcon_core.shell:Creating package descriptor '/home/user/rad_ws/src/urdf_test/install/urdf_test/share/urdf_test/package.dsv'
[0.378s] INFO:colcon.colcon_core.shell:Creating package script '/home/user/rad_ws/src/urdf_test/install/urdf_test/share/urdf_test/package.sh'
[0.378s] INFO:colcon.colcon_core.shell:Creating package script '/home/user/rad_ws/src/urdf_test/install/urdf_test/share/urdf_test/package.bash'
[0.378s] INFO:colcon.colcon_core.shell:Creating package script '/home/user/rad_ws/src/urdf_test/install/urdf_test/share/urdf_test/package.zsh'
[0.379s] Level 1:colcon.colcon_core.environment:create_file_with_runtime_dependencies(/home/user/rad_ws/src/urdf_test/install/urdf_test/share/colcon-core/packages/urdf_test)
[0.379s] DEBUG:colcon.colcon_parallel_executor.executor.parallel:closing loop
[0.379s] DEBUG:colcon.colcon_parallel_executor.executor.parallel:loop closed
[0.380s] DEBUG:colcon.colcon_parallel_executor.executor.parallel:run_until_complete finished with '0'
[0.380s] DEBUG:colcon.colcon_core.event_reactor:joining thread
[0.397s] INFO:colcon.colcon_core.plugin_system:Skipping extension 'colcon_notification.desktop_notification.notify_send': Could not find 'notify-send'
[0.397s] INFO:colcon.colcon_core.plugin_system:Skipping extension 'colcon_notification.desktop_notification.terminal_notifier': Not used on non-Darwin systems
[0.397s] INFO:colcon.colcon_core.plugin_system:Skipping extension 'colcon_notification.desktop_notification.win32': Not used on non-Windows systems
[0.397s] INFO:colcon.colcon_notification.desktop_notification:Sending desktop notification using 'notify2'
[0.398s] DEBUG:colcon.colcon_notification.desktop_notification.notify2:Failed to initialize notify2: org.freedesktop.DBus.Error.ServiceUnknown: The name org.freedesktop.Notifications was not provided by any .service files
[0.398s] DEBUG:colcon.colcon_core.event_reactor:joined thread
[0.399s] INFO:colcon.colcon_core.shell:Creating prefix script '/home/user/rad_ws/src/urdf_test/install/local_setup.ps1'
[0.400s] INFO:colcon.colcon_core.shell:Creating prefix util module '/home/user/rad_ws/src/urdf_test/install/_local_setup_util_ps1.py'
[0.401s] INFO:colcon.colcon_core.shell:Creating prefix chain script '/home/user/rad_ws/src/urdf_test/install/setup.ps1'
[0.401s] INFO:colcon.colcon_core.shell:Creating prefix script '/home/user/rad_ws/src/urdf_test/install/local_setup.sh'
[0.402s] INFO:colcon.colcon_core.shell:Creating prefix util module '/home/user/rad_ws/src/urdf_test/install/_local_setup_util_sh.py'
[0.402s] INFO:colcon.colcon_core.shell:Creating prefix chain script '/home/user/rad_ws/src/urdf_test/install/setup.sh'
[0.403s] INFO:colcon.colcon_core.shell:Creating prefix script '/home/user/rad_ws/src/urdf_test/install/local_setup.bash'
[0.403s] INFO:colcon.colcon_core.shell:Creating prefix chain script '/home/user/rad_ws/src/urdf_test/install/setup.bash'
[0.404s] INFO:colcon.colcon_core.shell:Creating prefix script '/home/user/rad_ws/src/urdf_test/install/local_setup.zsh'
[0.404s] INFO:colcon.colcon_core.shell:Creating prefix chain script '/home/user/rad_ws/src/urdf_test/install/setup.zsh'
